::1 - - [12/Apr/2018:21:23:25 +0000] "POST /jugador HTTP/1.1" 500 2078
::1 - - [12/Apr/2018:21:24:04 +0000] "POST /jugador HTTP/1.1" 200 107
::1 - - [12/Apr/2018:21:32:31 +0000] "POST /jugador HTTP/1.1" 200 82
::1 - - [12/Apr/2018:21:33:24 +0000] "POST /jugador HTTP/1.1" 200 42
::1 - - [12/Apr/2018:21:35:14 +0000] "POST /jugador HTTP/1.1" 200 42
::1 - - [12/Apr/2018:22:20:33 +0000] "POST /jugador HTTP/1.1" 200 42
::1 - - [12/Apr/2018:22:25:00 +0000] "POST /jugador HTTP/1.1" 200 42
::1 - - [13/Apr/2018:16:18:32 +0000] "POST /jugador HTTP/1.1" 200 42
::1 - - [13/Apr/2018:16:18:37 +0000] "POST /jugador HTTP/1.1" 200 42
::1 - - [13/Apr/2018:18:27:45 +0000] "POST /jugador HTTP/1.1" - -
::1 - - [13/Apr/2018:18:28:21 +0000] "POST /jugador HTTP/1.1" 500 2071
::1 - - [13/Apr/2018:18:31:30 +0000] "POST /jugador HTTP/1.1" 500 2071
::1 - - [13/Apr/2018:18:31:42 +0000] "GET /user/documents/u/ing/soccer-api/server/api/jugador/jugador.js:64:26) HTTP/1.1" 404 207
::1 - - [13/Apr/2018:18:35:23 +0000] "POST /jugador HTTP/1.1" 500 2071
::ffff:127.0.0.1 - - [13/Apr/2018:18:36:19 +0000] "POST /jugador HTTP/1.1" 500 2071
::1 - - [13/Apr/2018:18:43:00 +0000] "POST /jugador HTTP/1.1" 500 2058
::1 - - [13/Apr/2018:18:44:08 +0000] "POST /jugador HTTP/1.1" 500 2058
::1 - - [13/Apr/2018:18:47:44 +0000] "POST /jugador HTTP/1.1" 500 2058
::1 - - [16/Apr/2018:13:41:41 +0000] "POST /jugador HTTP/1.1" 500 2078
::1 - - [16/Apr/2018:13:42:11 +0000] "POST /jugador HTTP/1.1" 500 2078
::1 - - [16/Apr/2018:13:45:01 +0000] "POST /jugador HTTP/1.1" 500 2058
::1 - - [16/Apr/2018:13:48:54 +0000] "POST /jugador HTTP/1.1" 500 2058
::1 - - [16/Apr/2018:13:54:58 +0000] "POST /jugador HTTP/1.1" 200 4
::1 - - [16/Apr/2018:13:58:00 +0000] "POST /jugador HTTP/1.1" 200 4
::1 - - [16/Apr/2018:13:59:35 +0000] "POST /jugador HTTP/1.1" 200 4
::1 - - [16/Apr/2018:14:00:19 +0000] "POST /jugador HTTP/1.1" 200 4
::1 - - [16/Apr/2018:14:03:49 +0000] "POST /jugador HTTP/1.1" 500 2183
::1 - - [16/Apr/2018:14:05:36 +0000] "POST /jugador HTTP/1.1" 200 4
::1 - - [16/Apr/2018:14:09:28 +0000] "POST /jugador HTTP/1.1" 200 81
::1 - - [16/Apr/2018:14:14:46 +0000] "POST /jugador/5ad4ae98fce2423ef4997623 HTTP/1.1" 404 172
::1 - - [16/Apr/2018:14:15:14 +0000] "GET /jugador/5ad4ae98fce2423ef4997623 HTTP/1.1" 500 2055
::1 - - [16/Apr/2018:14:15:52 +0000] "GET /jugador/5ad4ae98fce2423ef4997623 HTTP/1.1" 200 81
::1 - - [16/Apr/2018:14:22:06 +0000] "GET /jugador HTTP/1.1" 200 187
