16:37:16.432 INFO  🎌 INFO ON IVSms 
16:37:16.432 INFO  {"message-count":"1","messages":[{"status":"3","error-text":"to address is not numeric"}]} 
16:38:27.881 ERROR 💀 ERROR ON IVSms 
16:38:27.881 ERROR SMS_COfNFIG is not defined
ReferenceError: SMS_COfNFIG is not defined
    at new IVSms (D:/user/documents/u/ing/soccer-api/server/plugins/sms/sms.js:11:27)
    at Basics.sendSms (D:/user/documents/u/ing/soccer-api/server/api/basics/basics.js:26:3)
    at Layer.handle [as handle_request] (D:\user\documents\u\ing\soccer-api\node_modules\express\lib\router\layer.js:95:5)
    at next (D:\user\documents\u\ing\soccer-api\node_modules\express\lib\router\route.js:137:13)
    at Route.dispatch (D:\user\documents\u\ing\soccer-api\node_modules\express\lib\router\route.js:112:3)
    at Layer.handle [as handle_request] (D:\user\documents\u\ing\soccer-api\node_modules\express\lib\router\layer.js:95:5)
    at D:\user\documents\u\ing\soccer-api\node_modules\express\lib\router\index.js:281:22
    at Function.process_params (D:\user\documents\u\ing\soccer-api\node_modules\express\lib\router\index.js:335:12)
    at next (D:\user\documents\u\ing\soccer-api\node_modules\express\lib\router\index.js:275:10)
    at Function.handle (D:\user\documents\u\ing\soccer-api\node_modules\express\lib\router\index.js:174:3)
    at router (D:\user\documents\u\ing\soccer-api\node_modules\express\lib\router\index.js:47:12)
    at Layer.handle [as handle_request] (D:\user\documents\u\ing\soccer-api\node_modules\express\lib\router\layer.js:95:5)
    at trim_prefix (D:\user\documents\u\ing\soccer-api\node_modules\express\lib\router\index.js:317:13)
    at D:\user\documents\u\ing\soccer-api\node_modules\express\lib\router\index.js:284:7
    at Function.process_params (D:\user\documents\u\ing\soccer-api\node_modules\express\lib\router\index.js:335:12)
    at next (D:\user\documents\u\ing\soccer-api\node_modules\express\lib\router\index.js:275:10) 
16:41:24.678 INFO  🎌 INFO ON IVSms 
16:41:24.678 INFO  {"message-count":"1","messages":[{"to":"573197053513","message-id":"0B000000D0A5C265","status":"0","remaining-balance":"1.84850000","message-price":"0.05050000","network":"732123"}]} 
21:23:17.427 INFO  🎌 INFO ON IVEmail 
21:23:17.427 INFO  {"accepted":["mortombolo@gmail.com"],"rejected":[],"envelopeTime":383,"messageTime":1161,"messageSize":77404,"response":"250 2.0.0 OK 1525746196 u1-v6sm3853017vkf.37 - gsmtp","envelope":{"from":"monobn96@gmail.com","to":["mortombolo@gmail.com"]},"messageId":"<67e9cd16-010e-b505-09d7-9a8b4f9d8eb7@gmail.com>"} 
21:29:30.718 INFO  🎌 INFO ON IVEmail 
21:29:30.718 INFO  {"accepted":["mortombolo@gmail.com"],"rejected":[],"envelopeTime":287,"messageTime":537,"messageSize":5976,"response":"250 2.0.0 OK 1525746570 x46sm8320554uab.37 - gsmtp","envelope":{"from":"monobn96@gmail.com","to":["mortombolo@gmail.com"]},"messageId":"<28da0363-6e84-811f-464b-62c1323c3245@gmail.com>"} 
22:18:29.561 INFO  🎌 INFO ON IVEmail 
22:18:29.561 INFO  {"accepted":["ycarolinatovar51@gmail.com"],"rejected":[],"envelopeTime":490,"messageTime":1153,"messageSize":6651,"response":"250 2.0.0 OK 1525749509 v29sm7252723uav.7 - gsmtp","envelope":{"from":"monobn96@gmail.com","to":["ycarolinatovar51@gmail.com"]},"messageId":"<20fd9e2f-99e9-a597-856f-84099c3e2d28@gmail.com>"} 
15:18:15.357 INFO  🎌 INFO ON IVEmail 
15:18:15.357 INFO  {"accepted":["mortombolo@gmail.com"],"rejected":[],"envelopeTime":700,"messageTime":695,"messageSize":6618,"response":"250 2.0.0 OK 1525810695 f7-v6sm3465130vkg.55 - gsmtp","envelope":{"from":"monobn96@gmail.com","to":["mortombolo@gmail.com"]},"messageId":"<13b66653-8800-0849-6d42-fd27abee21a9@gmail.com>"} 
15:22:14.896 INFO  🎌 INFO ON IVEmail 
15:22:14.896 INFO  {"accepted":["mortombolo@gmail.com"],"rejected":[],"envelopeTime":324,"messageTime":751,"messageSize":6618,"response":"250 2.0.0 OK 1525810935 x15-v6sm3941227vkd.5 - gsmtp","envelope":{"from":"monobn96@gmail.com","to":["mortombolo@gmail.com"]},"messageId":"<5d334238-e2be-ddc9-24a9-4d108880bb87@gmail.com>"} 
15:22:35.531 INFO  🎌 INFO ON IVEmail 
15:22:35.531 INFO  {"accepted":["mortombolo@gmail.com"],"rejected":[],"envelopeTime":327,"messageTime":519,"messageSize":6618,"response":"250 2.0.0 OK 1525810955 79sm8268192ual.3 - gsmtp","envelope":{"from":"monobn96@gmail.com","to":["mortombolo@gmail.com"]},"messageId":"<b7c295af-4397-a02e-fb65-44585e7a04ee@gmail.com>"} 
15:34:11.909 INFO  🎌 INFO ON IVEmail 
15:34:11.909 INFO  {"accepted":["mortombolo@gmail.com"],"rejected":[],"envelopeTime":343,"messageTime":639,"messageSize":6618,"response":"250 2.0.0 OK 1525811652 22sm6410615uah.19 - gsmtp","envelope":{"from":"monobn96@gmail.com","to":["mortombolo@gmail.com"]},"messageId":"<c245333f-c054-b6cd-6742-8b8c421f1c62@gmail.com>"} 
15:34:36.284 INFO  🎌 INFO ON IVEmail 
15:34:36.284 INFO  {"accepted":["mortombolo@gmail.com"],"rejected":[],"envelopeTime":330,"messageTime":495,"messageSize":6618,"response":"250 2.0.0 OK 1525811676 s10-v6sm6425912vks.44 - gsmtp","envelope":{"from":"monobn96@gmail.com","to":["mortombolo@gmail.com"]},"messageId":"<e6757ca9-4621-7ff6-7148-184a431adc71@gmail.com>"} 
13:39:45.799 INFO  🎌 INFO ON IVEmail 
13:39:45.799 INFO  {"accepted":["malizarazo3@poligran.edu.co"],"rejected":[],"envelopeTime":416,"messageTime":999,"messageSize":6691,"response":"250 2.0.0 OK 1525891185 q38sm17973906uah.16 - gsmtp","envelope":{"from":"monobn96@gmail.com","to":["malizarazo3@poligran.edu.co"]},"messageId":"<92bca68e-d326-2e43-83b2-08697b176d4b@gmail.com>"} 
20:40:42.066 INFO  🎌 INFO ON IVEmail 
20:40:42.066 INFO  {"accepted":["juanasda@asdas.com"],"rejected":[],"envelopeTime":527,"messageTime":814,"messageSize":6624,"response":"250 2.0.0 OK 1526175642 f8-v6sm1688795uaj.26 - gsmtp","envelope":{"from":"monobn96@gmail.com","to":["juanasda@asdas.com"]},"messageId":"<3d885d90-2882-1167-7f29-932c64c5fe5c@gmail.com>"} 
22:08:17.350 INFO  🎌 INFO ON IVEmail 
22:08:17.350 INFO  {"accepted":["mortombolo@gmail.com"],"rejected":[],"envelopeTime":431,"messageTime":761,"messageSize":6687,"response":"250 2.0.0 OK 1526180897 202-v6sm2383376vkf.4 - gsmtp","envelope":{"from":"monobn96@gmail.com","to":["mortombolo@gmail.com"]},"messageId":"<b99d619b-3915-915b-89e5-ab8efe339aec@gmail.com>"} 
22:08:20.904 INFO  🎌 INFO ON IVEmail 
22:08:20.904 INFO  {"accepted":["mortombolo@gmail.com"],"rejected":[],"envelopeTime":292,"messageTime":572,"messageSize":6687,"response":"250 2.0.0 OK 1526180901 y21-v6sm1436625vkb.48 - gsmtp","envelope":{"from":"monobn96@gmail.com","to":["mortombolo@gmail.com"]},"messageId":"<cd354f86-884d-8296-bc22-ce5921e60fee@gmail.com>"} 
22:08:22.288 INFO  🎌 INFO ON IVEmail 
22:08:22.288 INFO  {"accepted":["mortombolo@gmail.com"],"rejected":[],"envelopeTime":235,"messageTime":473,"messageSize":6687,"response":"250 2.0.0 OK 1526180902 u31-v6sm1568567uau.53 - gsmtp","envelope":{"from":"monobn96@gmail.com","to":["mortombolo@gmail.com"]},"messageId":"<7c488ebd-768b-5100-14bc-be7924dee991@gmail.com>"} 
22:10:05.826 INFO  🎌 INFO ON IVEmail 
22:10:05.826 INFO  {"accepted":["mortombolo@gmail.com"],"rejected":[],"envelopeTime":239,"messageTime":510,"messageSize":6685,"response":"250 2.0.0 OK 1526181006 q21-v6sm2417555vkf.41 - gsmtp","envelope":{"from":"monobn96@gmail.com","to":["mortombolo@gmail.com"]},"messageId":"<e270c2bb-7cff-bb94-3956-4c5cf193347e@gmail.com>"} 
18:39:18.329 INFO  🎌 INFO ON IVEmail 
18:39:18.329 INFO  {"accepted":["ycarolinatovar51@gmail.com"],"rejected":[],"envelopeTime":375,"messageTime":775,"messageSize":6622,"response":"250 2.0.0 OK 1526254757 q187-v6sm1499839vkq.10 - gsmtp","envelope":{"from":"monobn96@gmail.com","to":["ycarolinatovar51@gmail.com"]},"messageId":"<3c613c00-afcc-5030-44df-c9e4409c011b@gmail.com>"} 
02:13:16.368 ERROR 💀 ERROR ON IVEmail 
02:13:16.368 ERROR No recipients defined
Error: No recipients defined
    at SMTPConnection._formatError (/home/juan/pro/universidad/ing/soccer-api/node_modules/nodemailer/lib/smtp-connection/index.js:606:19)
    at SMTPConnection._setEnvelope (/home/juan/pro/universidad/ing/soccer-api/node_modules/nodemailer/lib/smtp-connection/index.js:815:34)
    at SMTPConnection.send (/home/juan/pro/universidad/ing/soccer-api/node_modules/nodemailer/lib/smtp-connection/index.js:431:14)
    at sendMessage (/home/juan/pro/universidad/ing/soccer-api/node_modules/nodemailer/lib/smtp-transport/index.js:226:28)
    at connection.login.err (/home/juan/pro/universidad/ing/soccer-api/node_modules/nodemailer/lib/smtp-transport/index.js:284:25)
    at SMTPConnection._actionAUTHComplete (/home/juan/pro/universidad/ing/soccer-api/node_modules/nodemailer/lib/smtp-connection/index.js:1349:9)
    at SMTPConnection._responseActions.push.str (/home/juan/pro/universidad/ing/soccer-api/node_modules/nodemailer/lib/smtp-connection/index.js:366:26)
    at SMTPConnection._processResponse (/home/juan/pro/universidad/ing/soccer-api/node_modules/nodemailer/lib/smtp-connection/index.js:762:20)
    at SMTPConnection._onData (/home/juan/pro/universidad/ing/soccer-api/node_modules/nodemailer/lib/smtp-connection/index.js:558:14)
    at TLSSocket._socket.on.chunk (/home/juan/pro/universidad/ing/soccer-api/node_modules/nodemailer/lib/smtp-connection/index.js:510:47)
    at emitOne (events.js:116:13)
    at TLSSocket.emit (events.js:211:7)
    at addChunk (_stream_readable.js:263:12)
    at readableAddChunk (_stream_readable.js:250:11)
    at TLSSocket.Readable.push (_stream_readable.js:208:10)
    at TLSWrap.onread (net.js:607:20) 
02:14:04.326 INFO  🎌 INFO ON IVEmail 
02:14:04.326 INFO  {"accepted":["mortombolo@gmail.com"],"rejected":[],"envelopeTime":633,"messageTime":835,"messageSize":6696,"response":"250 2.0.0 OK 1527405244 m19-v6sm8982356vkm.53 - gsmtp","envelope":{"from":"monobn96@gmail.com","to":["mortombolo@gmail.com"]},"messageId":"<8851f581-259a-c35a-f85c-42acc9df2e03@gmail.com>"} 
14:45:26.535 INFO  🎌 INFO ON IVEmail 
14:45:26.536 INFO  {"accepted":["juanmarfil9696@gmail.com"],"rejected":[],"envelopeTime":482,"messageTime":864,"messageSize":6724,"response":"250 2.0.0 OK 1527450326 g45-v6sm3989897uac.3 - gsmtp","envelope":{"from":"monobn96@gmail.com","to":["juanmarfil9696@gmail.com"]},"messageId":"<56ec63f0-bf8b-6635-86fb-3dac3e29ff00@gmail.com>"} 
